<?xml version="1.0" encoding="UTF-8"?>
<testng-results skipped="0" failed="1" ignored="0" total="3" passed="2">
  <reporter-output>
  </reporter-output>
  <suite name="Default suite" duration-ms="78871" started-at="2020-05-05T06:51:56Z" finished-at="2020-05-05T06:53:15Z">
    <groups>
    </groups>
    <test name="Default test" duration-ms="78871" started-at="2020-05-05T06:51:56Z" finished-at="2020-05-05T06:53:15Z">
      <class name="dataDrivenTesting.ExcelReading.FireFoxDataDriven">
        <test-method status="PASS" signature="setUp()[pri:0, instance:dataDrivenTesting.ExcelReading.FireFoxDataDriven@1d548a08]" name="setUp" is-config="true" duration-ms="67" started-at="2020-05-05T06:51:56Z" finished-at="2020-05-05T06:51:56Z">
          <reporter-output>
          </reporter-output>
        </test-method> <!-- setUp -->
        <test-method status="PASS" signature="readFromExcel(java.lang.String, java.lang.String)[pri:0, instance:dataDrivenTesting.ExcelReading.FireFoxDataDriven@1d548a08]" name="readFromExcel" duration-ms="22124" started-at="2020-05-05T06:51:57Z" data-provider="userDetails" finished-at="2020-05-05T06:52:19Z">
          <params>
            <param index="0">
              <value>
                <![CDATA[manvir.singh.parmar@gmail.com]]>
              </value>
            </param>
            <param index="1">
              <value>
                <![CDATA[Nidhi@1989]]>
              </value>
            </param>
          </params>
          <reporter-output>
          </reporter-output>
        </test-method> <!-- readFromExcel -->
        <test-method status="PASS" signature="readFromExcel(java.lang.String, java.lang.String)[pri:0, instance:dataDrivenTesting.ExcelReading.FireFoxDataDriven@1d548a08]" name="readFromExcel" duration-ms="26064" started-at="2020-05-05T06:52:19Z" data-provider="userDetails" finished-at="2020-05-05T06:52:45Z">
          <params>
            <param index="0">
              <value>
                <![CDATA[shaminderca1991@gmail.com]]>
              </value>
            </param>
            <param index="1">
              <value>
                <![CDATA[Manager@1234]]>
              </value>
            </param>
          </params>
          <reporter-output>
          </reporter-output>
        </test-method> <!-- readFromExcel -->
        <test-method status="FAIL" signature="readFromExcel(java.lang.String, java.lang.String)[pri:0, instance:dataDrivenTesting.ExcelReading.FireFoxDataDriven@1d548a08]" name="readFromExcel" duration-ms="22418" started-at="2020-05-05T06:52:45Z" data-provider="userDetails" finished-at="2020-05-05T06:53:07Z">
          <params>
            <param index="0">
              <value>
                <![CDATA[nidsgangwani@gmail.com]]>
              </value>
            </param>
            <param index="1">
              <value>
                <![CDATA[abc]]>
              </value>
            </param>
          </params>
          <exception class="org.openqa.selenium.NoSuchElementException">
            <message>
              <![CDATA[Unable to locate element: //a[@role='button' and @tabindex='0' and @class='gb_D gb_Ra gb_i']
For documentation on this error, please visit: https://www.seleniumhq.org/exceptions/no_such_element.html
Build info: version: '3.141.59', revision: 'e82be7d358', time: '2018-11-14T08:17:03'
System info: host: 'LAPTOP-JVNL5G83', ip: '192.168.0.20', os.name: 'Windows 10', os.arch: 'amd64', os.version: '10.0', java.version: '1.8.0_151'
Driver info: org.openqa.selenium.firefox.FirefoxDriver
Capabilities {acceptInsecureCerts: true, browserName: firefox, browserVersion: 75.0, javascriptEnabled: true, moz:accessibilityChecks: false, moz:buildID: 20200403170909, moz:geckodriverVersion: 0.26.0, moz:headless: false, moz:processID: 33268, moz:profile: C:\Users\Owner\AppData\Loca..., moz:shutdownTimeout: 60000, moz:useNonSpecCompliantPointerOrigin: false, moz:webdriverClick: true, pageLoadStrategy: normal, platform: WINDOWS, platformName: WINDOWS, platformVersion: 10.0, rotatable: false, setWindowRect: true, strictFileInteractability: false, timeouts: {implicit: 0, pageLoad: 300000, script: 30000}, unhandledPromptBehavior: dismiss and notify}
Session ID: a306a847-1778-467a-800c-90833a34cefa
*** Element info: {Using=xpath, value=//a[@role='button' and @tabindex='0' and @class='gb_D gb_Ra gb_i']}]]>
            </message>
            <full-stacktrace>
              <![CDATA[org.openqa.selenium.NoSuchElementException: Unable to locate element: //a[@role='button' and @tabindex='0' and @class='gb_D gb_Ra gb_i']
For documentation on this error, please visit: https://www.seleniumhq.org/exceptions/no_such_element.html
Build info: version: '3.141.59', revision: 'e82be7d358', time: '2018-11-14T08:17:03'
System info: host: 'LAPTOP-JVNL5G83', ip: '192.168.0.20', os.name: 'Windows 10', os.arch: 'amd64', os.version: '10.0', java.version: '1.8.0_151'
Driver info: org.openqa.selenium.firefox.FirefoxDriver
Capabilities {acceptInsecureCerts: true, browserName: firefox, browserVersion: 75.0, javascriptEnabled: true, moz:accessibilityChecks: false, moz:buildID: 20200403170909, moz:geckodriverVersion: 0.26.0, moz:headless: false, moz:processID: 33268, moz:profile: C:\Users\Owner\AppData\Loca..., moz:shutdownTimeout: 60000, moz:useNonSpecCompliantPointerOrigin: false, moz:webdriverClick: true, pageLoadStrategy: normal, platform: WINDOWS, platformName: WINDOWS, platformVersion: 10.0, rotatable: false, setWindowRect: true, strictFileInteractability: false, timeouts: {implicit: 0, pageLoad: 300000, script: 30000}, unhandledPromptBehavior: dismiss and notify}
Session ID: a306a847-1778-467a-800c-90833a34cefa
*** Element info: {Using=xpath, value=//a[@role='button' and @tabindex='0' and @class='gb_D gb_Ra gb_i']}
at sun.reflect.NativeConstructorAccessorImpl.newInstance0(Native Method)
at sun.reflect.NativeConstructorAccessorImpl.newInstance(NativeConstructorAccessorImpl.java:62)
at sun.reflect.DelegatingConstructorAccessorImpl.newInstance(DelegatingConstructorAccessorImpl.java:45)
at java.lang.reflect.Constructor.newInstance(Constructor.java:423)
at org.openqa.selenium.remote.http.W3CHttpResponseCodec.createException(W3CHttpResponseCodec.java:187)
at org.openqa.selenium.remote.http.W3CHttpResponseCodec.decode(W3CHttpResponseCodec.java:122)
at org.openqa.selenium.remote.http.W3CHttpResponseCodec.decode(W3CHttpResponseCodec.java:49)
at org.openqa.selenium.remote.HttpCommandExecutor.execute(HttpCommandExecutor.java:158)
at org.openqa.selenium.remote.service.DriverCommandExecutor.execute(DriverCommandExecutor.java:83)
at org.openqa.selenium.remote.RemoteWebDriver.execute(RemoteWebDriver.java:552)
at org.openqa.selenium.remote.RemoteWebDriver.findElement(RemoteWebDriver.java:323)
at org.openqa.selenium.remote.RemoteWebDriver.findElementByXPath(RemoteWebDriver.java:428)
at org.openqa.selenium.By$ByXPath.findElement(By.java:353)
at org.openqa.selenium.remote.RemoteWebDriver.findElement(RemoteWebDriver.java:315)
at dataDrivenTesting.ExcelReading.FireFoxDataDriven.readFromExcel(FireFoxDataDriven.java:100)
at sun.reflect.NativeMethodAccessorImpl.invoke0(Native Method)
at sun.reflect.NativeMethodAccessorImpl.invoke(NativeMethodAccessorImpl.java:62)
at sun.reflect.DelegatingMethodAccessorImpl.invoke(DelegatingMethodAccessorImpl.java:43)
at java.lang.reflect.Method.invoke(Method.java:498)
at org.testng.internal.MethodInvocationHelper.invokeMethod(MethodInvocationHelper.java:124)
at org.testng.internal.Invoker.invokeMethod(Invoker.java:583)
at org.testng.internal.Invoker.invokeTestMethod(Invoker.java:719)
at org.testng.internal.Invoker.invokeTestMethods(Invoker.java:989)
at org.testng.internal.TestMethodWorker.invokeTestMethods(TestMethodWorker.java:125)
at org.testng.internal.TestMethodWorker.run(TestMethodWorker.java:109)
at org.testng.TestRunner.privateRun(TestRunner.java:648)
at org.testng.TestRunner.run(TestRunner.java:505)
at org.testng.SuiteRunner.runTest(SuiteRunner.java:455)
at org.testng.SuiteRunner.runSequentially(SuiteRunner.java:450)
at org.testng.SuiteRunner.privateRun(SuiteRunner.java:415)
at org.testng.SuiteRunner.run(SuiteRunner.java:364)
at org.testng.SuiteRunnerWorker.runSuite(SuiteRunnerWorker.java:52)
at org.testng.SuiteRunnerWorker.run(SuiteRunnerWorker.java:84)
at org.testng.TestNG.runSuitesSequentially(TestNG.java:1208)
at org.testng.TestNG.runSuitesLocally(TestNG.java:1137)
at org.testng.TestNG.runSuites(TestNG.java:1049)
at org.testng.TestNG.run(TestNG.java:1017)
at org.testng.remote.AbstractRemoteTestNG.run(AbstractRemoteTestNG.java:115)
at org.testng.remote.RemoteTestNG.initAndRun(RemoteTestNG.java:251)
at org.testng.remote.RemoteTestNG.main(RemoteTestNG.java:77)
]]>
            </full-stacktrace>
          </exception> <!-- org.openqa.selenium.NoSuchElementException -->
          <reporter-output>
          </reporter-output>
        </test-method> <!-- readFromExcel -->
        <test-method status="PASS" signature="tearDown()[pri:0, instance:dataDrivenTesting.ExcelReading.FireFoxDataDriven@1d548a08]" name="tearDown" is-config="true" duration-ms="7444" started-at="2020-05-05T06:53:07Z" finished-at="2020-05-05T06:53:15Z">
          <reporter-output>
          </reporter-output>
        </test-method> <!-- tearDown -->
      </class> <!-- dataDrivenTesting.ExcelReading.FireFoxDataDriven -->
    </test> <!-- Default test -->
  </suite> <!-- Default suite -->
</testng-results>
